<?xml version='1.0' encoding='UTF-8'?>
<testsuite hostname="Talehs-MBP.lan" name="PokerGameTest" tests="3" errors="0" failures="0" skipped="0" time="0.032" timestamp="2024-09-03T00:13:40">
          <properties>
      <property name="java.specification.version" value="17"/><property name="sun.jnu.encoding" value="UTF-8"/><property name="sun.arch.data.model" value="64"/><property name="java.vendor.url" value="https://aws.amazon.com/corretto/"/><property name="sun.boot.library.path" value="/Users/taleh_gurbanzade/Library/Java/JavaVirtualMachines/corretto-17.0.5/Contents/Home/lib"/><property name="sun.java.command" value="/Users/taleh_gurbanzade/Library/Caches/Coursier/arc/https/github.com/sbt/sbt/releases/download/v1.10.1/sbt-1.10.1.zip/sbt/bin/sbt-launch.jar test"/><property name="jdk.debug" value="release"/><property name="sun.stderr.encoding" value="UTF-8"/><property name="java.specification.vendor" value="Oracle Corporation"/><property name="java.version.date" value="2022-10-18"/><property name="java.home" value="/Users/taleh_gurbanzade/Library/Java/JavaVirtualMachines/corretto-17.0.5/Contents/Home"/><property name="file.separator" value="/"/><property name="java.vm.compressedOopsMode" value="Zero based"/><property name="line.separator" value="
"/><property name="sun.stdout.encoding" value="UTF-8"/><property name="java.vm.specification.vendor" value="Oracle Corporation"/><property name="java.specification.name" value="Java Platform API Specification"/><property name="sun.management.compiler" value="HotSpot 64-Bit Tiered Compilers"/><property name="java.runtime.version" value="17.0.5+8-LTS"/><property name="user.name" value="taleh_gurbanzade"/><property name="log4j.ignoreTCL" value="true"/><property name="file.encoding" value="UTF-8"/><property name="jnidispatch.path" value="/Users/taleh_gurbanzade/Library/Caches/JNA/temp/jna3677024552836213086.tmp"/><property name="java.vendor.version" value="Corretto-17.0.5.8.1"/><property name="jna.loaded" value="true"/><property name="java.io.tmpdir" value="/var/folders/jf/8wml8q7s5b9fpkfknzvfl5100000gn/T/"/><property name="java.version" value="17.0.5"/><property name="java.vm.specification.name" value="Java Virtual Machine Specification"/><property name="native.encoding" value="UTF-8"/><property name="java.library.path" value="/Users/taleh_gurbanzade/Library/Java/Extensions:/Library/Java/Extensions:/Network/Library/Java/Extensions:/System/Library/Java/Extensions:/usr/lib/java:."/><property name="java.vendor" value="Amazon.com Inc."/><property name="scala.ext.dirs" value="/Users/taleh_gurbanzade/.sbt/1.0/java9-rt-ext-amazon_com_inc__17_0_5"/><property name="sun.io.unicode.encoding" value="UnicodeBig"/><property name="socksNonProxyHosts" value="local|*.local|169.254/16|*.169.254/16"/><property name="java.class.path" value="/Users/taleh_gurbanzade/Library/Caches/Coursier/arc/https/github.com/sbt/sbt/releases/download/v1.10.1/sbt-1.10.1.zip/sbt/bin/sbt-launch.jar"/><property name="java.vm.vendor" value="Amazon.com Inc."/><property name="jline.shutdownhook" value="false"/><property name="user.timezone" value="Europe/Tallinn"/><property name="java.vm.specification.version" value="17"/><property name="os.name" value="Mac OS X"/><property name="sun.java.launcher" value="SUN_STANDARD"/><property name="user.country" value="EE"/><property name="http.nonProxyHosts" value="local|*.local|169.254/16|*.169.254/16"/><property name="sun.cpu.endian" value="little"/><property name="user.home" value="/Users/taleh_gurbanzade"/><property name="user.language" value="en"/><property name="sbt.script" value="/Users/taleh_gurbanzade/Library/Caches/Coursier/arc/https/github.com/sbt/sbt/releases/download/v1.10.1/sbt-1.10.1.zip/sbt/bin/sbt"/><property name="sbt.ipcsocket.tmpdir" value="/var/folders/jf/8wml8q7s5b9fpkfknzvfl5100000gn/T/.sbta46f45ce/ipcsocket"/><property name="swoval.tmpdir" value="/var/folders/jf/8wml8q7s5b9fpkfknzvfl5100000gn/T/.sbta46f45ce/swoval"/><property name="jline.esc.timeout" value="0"/><property name="ftp.nonProxyHosts" value="local|*.local|169.254/16|*.169.254/16"/><property name="path.separator" value=":"/><property name="os.version" value="14.3.1"/><property name="jna.nosys" value="true"/><property name="java.runtime.name" value="OpenJDK Runtime Environment"/><property name="java.vm.name" value="OpenJDK 64-Bit Server VM"/><property name="jna.platform.library.path" value="/usr/lib:/usr/lib"/><property name="java.vendor.url.bug" value="https://github.com/corretto/corretto-17/issues/"/><property name="user.dir" value="/Users/taleh_gurbanzade/Documents/development/github/poker"/><property name="os.arch" value="x86_64"/><property name="java.vm.info" value="mixed mode, sharing"/><property name="java.vm.version" value="17.0.5+8-LTS"/><property name="java.class.version" value="61.0"/>
    </properties>
          <testcase classname="PokerGameTest" name="Calculating hand Flush" time="0.029">
                      
                    </testcase><testcase classname="PokerGameTest" name="Calculating hand Three of a Kind" time="0.002">
                      
                    </testcase><testcase classname="PokerGameTest" name="Calculating hand Straight" time="0.001">
                      
                    </testcase>
          <system-out><![CDATA[]]></system-out>
          <system-err><![CDATA[]]></system-err>
        </testsuite>